10/31/2017 16:14:25 PM suxiangjun用户成功登陆
10/31/2017 16:19:02 PM suxiangjun用户成功登陆
10/31/2017 16:19:51 PM suxiangjun用户成功登陆
10/31/2017 16:31:01 PM suxiangjun用户成功登陆
10/31/2017 16:32:13 PM suxiangjun用户成功登陆
10/31/2017 16:32:23 PM suxiangjun用户成功登陆
10/31/2017 16:38:22 PM suxiangjun用户成功登陆
10/31/2017 16:40:58 PM suxiangjun用户成功登陆
10/31/2017 16:44:07 PM suxiangjun用户成功登陆
10/31/2017 16:44:19 PM suxiangjun成功上传test文件
10/31/2017 16:48:56 PM suxiangjun用户成功登陆
10/31/2017 16:49:33 PM suxiangjun用户成功登陆
10/31/2017 16:50:55 PM suxiangjun用户成功登陆
10/31/2017 16:51:46 PM suxiangjun用户成功登陆
10/31/2017 17:15:47 PM suxiangjun用户成功登陆
10/31/2017 17:17:18 PM suxiangjun用户成功登陆
10/31/2017 17:23:45 PM suxiangjun用户成功登陆
10/31/2017 17:24:34 PM suxiangjun用户成功登陆
10/31/2017 17:24:40 PM suxiangjun用户下载test文件
10/31/2017 17:24:53 PM suxiangjun用户成功登陆
10/31/2017 17:24:58 PM suxiangjun用户下载test文件
10/31/2017 17:36:58 PM suxiangjun用户成功登陆
10/31/2017 17:43:39 PM suxiangjun用户成功登陆
10/31/2017 18:00:23 PM suxiangjun用户成功登陆
10/31/2017 18:01:40 PM suxiangjun用户成功登陆
10/31/2017 18:02:57 PM suxiangjun用户成功登陆
10/31/2017 18:12:40 PM suxiangjun用户成功登陆
10/31/2017 18:12:50 PM suxiangjun用户下载test文件
10/31/2017 18:13:21 PM suxiangjun成功上传tes112文件
10/31/2017 18:20:45 PM suxiangjun用户成功登陆
10/31/2017 18:27:57 PM suxiangjun用户成功登陆
10/31/2017 18:58:45 PM suxiangjun用户成功登陆
10/31/2017 19:06:04 PM suxiangjun用户成功登陆
10/31/2017 19:06:50 PM suxiangjun用户成功登陆
10/31/2017 19:07:47 PM suxiangjun用户成功登陆
10/31/2017 19:09:26 PM suxiangjun用户成功登陆
10/31/2017 19:16:12 PM suxiangjun用户成功登陆
10/31/2017 19:18:03 PM suxiangjun用户成功登陆
10/31/2017 19:20:45 PM suxiangjun用户成功登陆
10/31/2017 19:22:37 PM suxiangjun用户成功登陆
10/31/2017 19:24:13 PM suxiangjun用户成功登陆
10/31/2017 19:26:40 PM suxiangjun用户成功登陆
10/31/2017 19:28:46 PM suxiangjun用户成功登陆
10/31/2017 19:31:15 PM suxiangjun用户成功登陆
10/31/2017 19:33:03 PM suxiangjun用户成功登陆
10/31/2017 19:35:50 PM suxiangjun用户成功登陆
10/31/2017 19:36:29 PM suxiangjun用户成功登陆
10/31/2017 19:39:15 PM suxiangjun用户成功登陆
10/31/2017 19:39:56 PM suxiangjun用户成功登陆
10/31/2017 19:43:42 PM suxiangjun用户成功登陆
10/31/2017 19:44:02 PM suxiangjun用户成功登陆
10/31/2017 19:44:27 PM suxiangjun用户成功登陆
10/31/2017 19:48:45 PM suxiangjun用户成功登陆
10/31/2017 19:51:40 PM suxiangjun用户成功登陆
10/31/2017 19:52:26 PM suxiangjun用户成功登陆
10/31/2017 19:53:42 PM suxiangjun用户成功登陆
10/31/2017 19:58:48 PM suxiangjun用户成功登陆
10/31/2017 20:00:04 PM suxiangjun用户成功登陆
10/31/2017 20:03:12 PM suxiangjun用户成功登陆
10/31/2017 20:06:06 PM suxiangjun用户成功登陆
10/31/2017 20:06:37 PM suxiangjun用户成功登陆
10/31/2017 20:07:43 PM suxiangjun用户成功登陆
10/31/2017 20:09:09 PM suxiangjun用户成功登陆
10/31/2017 20:11:40 PM suxiangjun用户成功登陆
10/31/2017 20:13:58 PM suxiangjun用户成功登陆
10/31/2017 20:24:44 PM suxiangjun用户成功登陆
10/31/2017 20:26:33 PM suxiangjun用户成功登陆
10/31/2017 20:29:47 PM suxiangjun用户成功登陆
10/31/2017 20:30:41 PM suxiangjun用户成功登陆
10/31/2017 20:32:00 PM suxiangjun用户成功登陆
10/31/2017 21:05:45 PM suxiangjun用户成功登陆
10/31/2017 21:07:37 PM suxiangjun用户成功登陆
10/31/2017 21:07:58 PM suxiangjun用户成功登陆
10/31/2017 21:08:39 PM suxiangjun用户成功登陆
10/31/2017 21:08:51 PM suxiangjun用户成功登陆
10/31/2017 21:12:27 PM suxiangjun用户成功登陆
10/31/2017 21:20:13 PM suxiangjun用户成功登陆
10/31/2017 21:24:24 PM suxiangjun用户成功登陆
10/31/2017 21:25:44 PM suxiangjun用户成功登陆
10/31/2017 21:26:24 PM suxiangjun用户下载bbb文件
10/31/2017 21:27:58 PM suxiangjun用户成功登陆
10/31/2017 21:28:33 PM suxiangjun用户下载bbb文件
10/31/2017 21:30:37 PM suxiangjun用户下载test文件
10/31/2017 21:30:48 PM suxiangjun用户下载bbb文件
10/31/2017 21:32:37 PM suxiangjun用户成功登陆
10/31/2017 21:32:50 PM suxiangjun用户下载bbb文件
10/31/2017 21:34:18 PM suxiangjun用户成功登陆
10/31/2017 21:36:04 PM suxiangjun用户成功登陆
11/01/2017 09:48:53 AM suxiangjun用户成功登陆
11/01/2017 09:52:09 AM suxiangjun用户成功登陆
11/01/2017 09:53:42 AM suxiangjun用户成功登陆
11/01/2017 09:56:15 AM suxiangjun用户成功登陆
11/01/2017 10:10:51 AM suxiangjun用户成功登陆
11/01/2017 10:14:31 AM suxiangjun用户成功登陆
11/01/2017 10:15:28 AM suxiangjun用户成功登陆
11/01/2017 10:31:23 AM suxiangjun用户成功登陆
11/01/2017 10:40:03 AM suxiangjun用户成功登陆
11/01/2017 10:42:32 AM suxiangjun用户成功登陆
11/01/2017 10:49:35 AM suxiangjun用户成功登陆
11/01/2017 10:53:05 AM suxiangjun用户成功登陆
11/01/2017 11:00:54 AM suxiangjun用户成功登陆
11/01/2017 11:02:20 AM suxiangjun用户成功登陆
11/01/2017 11:06:34 AM suxiangjun用户成功登陆
11/01/2017 11:08:50 AM suxiangjun用户成功登陆
11/01/2017 11:10:12 AM suxiangjun用户成功登陆
11/01/2017 11:12:06 AM suxiangjun用户成功登陆
11/01/2017 11:15:34 AM suxiangjun用户成功登陆
11/01/2017 11:15:39 AM suxiangjun成功上传bbb文件
11/01/2017 11:17:52 AM suxiangjun用户成功登陆
11/01/2017 11:23:00 AM suxiangjun用户成功登陆
11/01/2017 11:26:17 AM suxiangjun用户成功登陆
11/01/2017 11:26:35 AM suxiangjun成功上传bbb文件
11/01/2017 11:29:26 AM suxiangjun用户成功登陆
11/01/2017 12:23:20 PM suxiangjun用户成功登陆
11/01/2017 12:25:29 PM suxiangjun用户成功登陆
11/01/2017 12:26:17 PM suxiangjun用户成功登陆
11/01/2017 12:27:42 PM suxiangjun用户成功登陆
11/01/2017 12:28:52 PM suxiangjun用户成功登陆
11/01/2017 12:32:27 PM suxiangjun用户成功登陆
11/01/2017 12:34:08 PM suxiangjun用户成功登陆
11/01/2017 12:34:29 PM suxiangjun用户成功登陆
11/01/2017 12:35:32 PM suxiangjun用户成功登陆
11/01/2017 12:35:51 PM suxiangjun用户成功登陆
11/01/2017 13:37:14 PM suxiangjun用户成功登陆
11/01/2017 13:38:00 PM suxiangjun成功上传ceshi.fbr文件
11/01/2017 13:38:14 PM suxiangjun用户成功登陆
11/01/2017 13:38:59 PM suxiangjun成功上传ceshi.fbr文件
11/01/2017 13:39:49 PM suxiangjun用户成功登陆
11/01/2017 13:40:29 PM suxiangjun成功上传ceshi.fbr文件
11/01/2017 13:41:35 PM suxiangjun用户成功登陆
11/01/2017 13:42:12 PM suxiangjun成功上传ceshi.fbr文件
11/01/2017 13:43:45 PM suxiangjun用户成功登陆
11/01/2017 13:44:17 PM suxiangjun用户成功登陆
11/01/2017 13:46:19 PM suxiangjun用户成功登陆
11/01/2017 13:47:26 PM suxiangjun用户成功登陆
11/01/2017 13:48:00 PM suxiangjun成功上传ceshi.fbr文件
11/01/2017 13:48:44 PM suxiangjun用户成功登陆
11/01/2017 13:49:29 PM suxiangjun成功上传ceshi.fbr文件
11/01/2017 13:51:40 PM suxiangjun用户成功登陆
11/01/2017 13:52:21 PM suxiangjun成功上传ceshi.fbr文件
11/01/2017 13:53:00 PM suxiangjun用户成功登陆
11/01/2017 13:53:44 PM suxiangjun成功上传ceshi.fbr文件
11/01/2017 13:54:48 PM suxiangjun用户成功登陆
11/01/2017 13:55:27 PM suxiangjun成功上传ceshi.fbr文件
11/01/2017 13:57:09 PM suxiangjun成功上传ceshi.fbr文件
11/01/2017 13:57:44 PM suxiangjun用户成功登陆
11/01/2017 13:58:19 PM suxiangjun成功上传ceshi.fbr文件
11/01/2017 14:03:08 PM suxiangjun用户成功登陆
11/01/2017 14:03:28 PM suxiangjun用户下载ceshi.fbr文件
11/01/2017 14:06:24 PM suxiangjun用户成功登陆
11/01/2017 14:06:35 PM suxiangjun用户下载ceshi.fbr文件
11/01/2017 14:08:39 PM suxiangjun用户成功登陆
11/01/2017 14:08:51 PM suxiangjun用户下载ceshi.fbr文件
11/01/2017 14:09:43 PM suxiangjun用户成功登陆
11/01/2017 14:09:55 PM suxiangjun用户下载ceshi.fbr文件
11/01/2017 14:10:53 PM suxiangjun用户成功登陆
11/01/2017 14:11:06 PM suxiangjun用户下载ceshi.fbr文件
11/01/2017 14:22:18 PM suxiangjun用户成功登陆
11/01/2017 14:22:36 PM 新注册haha用户
11/01/2017 14:22:44 PM haha成功上传index文件
11/01/2017 14:27:56 PM suxiangjun用户成功登陆
11/01/2017 14:28:09 PM haha用户成功登陆
11/01/2017 15:02:16 PM suxiangjun用户成功登陆
11/01/2017 15:05:09 PM haha用户成功登陆
11/07/2017 17:23:02 PM suxiangjun用户成功登陆
11/07/2017 17:28:34 PM suxiangjun用户成功登陆
11/07/2017 17:30:44 PM suxiangjun用户成功登陆
11/07/2017 17:32:50 PM suxiangjun用户成功登陆
11/07/2017 17:34:43 PM suxiangjun用户成功登陆
11/07/2017 18:07:37 PM suxiangjun用户成功登陆
11/07/2017 18:25:52 PM suxiangjun用户成功登陆
11/07/2017 18:28:53 PM suxiangjun用户成功登陆
11/08/2017 14:12:53 PM 127.0.0.1下载ceshi文件
11/08/2017 14:14:30 PM 127.0.0.1下载ceshi文件
11/08/2017 14:17:40 PM 127.0.0.1下载ceshi文件
11/08/2017 14:21:34 PM 127.0.0.1下载ceshi文件
11/08/2017 15:04:05 PM 127.0.0.1下载ceshi文件
11/08/2017 17:21:13 PM 127.0.0.1下载ceshi文件
11/08/2017 17:22:01 PM 127.0.0.1下载ceshi文件
11/08/2017 17:36:33 PM 127.0.0.1下载ceshi文件
11/08/2017 17:37:13 PM 127.0.0.1下载ceshi文件
11/08/2017 17:45:36 PM 127.0.0.1下载ceshi文件
11/08/2017 17:55:08 PM 127.0.0.1下载ceshi文件
11/08/2017 18:02:11 PM 127.0.0.1下载s1.html文件
11/08/2017 18:05:14 PM 127.0.0.1下载s.jpg文件
11/08/2017 18:06:22 PM 127.0.0.1下载s.jpg文件
11/08/2017 18:20:38 PM 127.0.0.1下载s.jpg文件
11/08/2017 18:26:28 PM 127.0.0.1下载s.jpg文件
11/08/2017 18:37:37 PM 127.0.0.1下载s.jpg文件
11/08/2017 18:46:39 PM 127.0.0.1下载haha文件
11/08/2017 18:49:36 PM 127.0.0.1下载s.jpg文件
11/08/2017 18:54:57 PM 127.0.0.1下载s.jpg文件
11/08/2017 18:57:31 PM 127.0.0.1下载s.jpg文件
11/08/2017 18:58:19 PM 127.0.0.1下载s.jpg文件
11/08/2017 19:00:14 PM 127.0.0.1下载s.jpg文件
11/08/2017 19:01:48 PM 127.0.0.1下载s.jpg文件
11/09/2017 10:01:51 AM 成功上传server.py文件
11/09/2017 10:03:45 AM 成功上传server.py文件
11/09/2017 10:04:26 AM 成功上传server.py文件
11/09/2017 10:07:06 AM 成功上传server.py文件
11/09/2017 10:07:16 AM 成功上传server.py文件
11/09/2017 10:07:21 AM 成功上传server.py文件
11/09/2017 10:07:25 AM 成功上传server.py文件
11/09/2017 10:11:35 AM 成功上传server.py文件
11/09/2017 10:11:56 AM 成功上传s.jpg文件
11/09/2017 10:13:23 AM 成功上传server.py文件
11/09/2017 10:50:12 AM 127.0.0.1下载s.jpg文件
11/09/2017 10:51:34 AM 127.0.0.1下载s.jpg文件
11/09/2017 10:52:05 AM 127.0.0.1下载s.jpg文件
11/09/2017 10:55:30 AM 成功上传s.jpg文件
11/09/2017 10:56:09 AM 成功上传s.jpg文件
11/09/2017 10:58:17 AM 成功上传s.jpg文件
11/09/2017 11:05:24 AM 成功上传server.py文件
11/09/2017 11:05:32 AM 成功上传s.jpg文件
11/09/2017 11:10:44 AM 成功上传s.jpg文件
11/09/2017 11:10:50 AM 成功上传s.jpg文件
11/09/2017 11:10:55 AM 成功上传s.jpg文件
11/09/2017 12:32:41 PM 成功上传s.jpg文件
11/09/2017 12:32:51 PM 成功上传s.jpg文件
11/09/2017 12:38:07 PM 成功上传s.jpg文件
11/09/2017 14:19:49 PM 127.0.0.1下载s.jpg文件
11/09/2017 14:21:20 PM 127.0.0.1下载s.jpg文件
11/09/2017 14:24:03 PM 127.0.0.1下载s.jpg文件
11/09/2017 14:24:17 PM 127.0.0.1下载s.jpg文件
11/09/2017 14:46:12 PM 成功上传s.jpg文件
11/09/2017 14:57:08 PM 成功上传server.py文件
11/09/2017 14:57:18 PM 成功上传server.py文件
11/09/2017 14:57:24 PM 成功上传server.py文件
11/09/2017 14:57:26 PM 成功上传server.py文件
11/09/2017 14:57:28 PM 成功上传server.py文件
11/09/2017 15:01:24 PM 成功上传server.py文件
11/09/2017 15:01:36 PM 成功上传s.jpg文件
11/09/2017 15:01:40 PM 成功上传s.jpg文件
11/09/2017 15:02:01 PM 成功上传s.jpg文件
11/09/2017 15:03:19 PM 成功上传s.jpg文件
11/09/2017 15:03:24 PM 成功上传s.jpg文件
11/09/2017 15:03:25 PM 成功上传s.jpg文件
11/09/2017 15:03:27 PM 成功上传s.jpg文件
11/09/2017 15:03:28 PM 成功上传s.jpg文件
11/09/2017 15:05:17 PM 成功上传s.jpg文件
11/09/2017 15:06:32 PM 成功上传s.jpg文件
11/09/2017 15:06:39 PM 成功上传s.jpg文件
11/09/2017 15:38:47 PM 127.0.0.1下载s.jpg文件
11/09/2017 15:39:03 PM 127.0.0.1下载s.jpg文件
11/09/2017 15:48:47 PM 成功上传s.jpg文件
11/09/2017 15:50:17 PM 成功上传s.jpg文件
11/09/2017 15:50:22 PM 成功上传s.jpg文件
11/09/2017 15:50:26 PM 成功上传s.jpg文件
11/09/2017 15:52:08 PM 127.0.0.1下载s.jpg文件
11/09/2017 15:54:13 PM 127.0.0.1下载s.jpg文件
11/09/2017 15:58:46 PM 127.0.0.1下载s.jpg文件
11/09/2017 15:58:53 PM 127.0.0.1下载s.jpg文件
11/09/2017 15:59:01 PM 127.0.0.1下载s.jpg文件
11/09/2017 15:59:26 PM 127.0.0.1下载s.jpg文件
11/09/2017 16:01:41 PM 成功上传haha文件
11/09/2017 16:01:47 PM 成功上传haha文件
11/09/2017 16:02:00 PM 成功上传haha文件
11/09/2017 16:02:04 PM 成功上传haha文件
11/09/2017 16:02:37 PM 127.0.0.1下载s.jpg文件
11/09/2017 16:02:55 PM 成功上传haha文件
11/09/2017 16:03:16 PM 成功上传haha文件
11/09/2017 16:04:53 PM 成功上传haha文件
11/09/2017 16:16:35 PM 成功上传s.jpg文件
11/09/2017 16:17:24 PM 成功上传s.jpg文件
11/09/2017 16:20:04 PM 成功上传s.jpg文件
11/09/2017 16:20:10 PM 成功上传s.jpg文件
11/09/2017 16:33:11 PM 成功上传s.jpg文件
11/09/2017 16:34:05 PM 成功上传s.jpg文件
11/09/2017 16:36:06 PM 成功上传s.jpg文件
11/09/2017 16:36:46 PM 成功上传s.jpg文件
11/09/2017 16:49:39 PM 成功上传s.jpg文件
11/09/2017 16:51:11 PM 成功上传s.jpg文件
11/09/2017 16:51:22 PM 成功上传s.jpg文件
11/09/2017 16:51:51 PM 成功上传s.jpg文件
11/09/2017 16:54:16 PM 成功上传s.jpg文件
11/09/2017 16:58:33 PM 成功上传s.jpg文件
11/09/2017 16:59:01 PM 成功上传s.jpg文件
11/09/2017 17:00:01 PM 成功上传s.jpg文件
11/09/2017 17:00:28 PM 成功上传s.jpg文件
11/09/2017 17:00:34 PM 成功上传s.jpg文件
11/09/2017 17:00:39 PM 成功上传s.jpg文件
11/09/2017 17:00:43 PM 成功上传s.jpg文件
11/09/2017 17:00:56 PM 成功上传s.jpg文件
11/09/2017 17:02:03 PM 成功上传s.jpg文件
11/09/2017 17:04:57 PM 成功上传s.jpg文件
11/09/2017 17:12:20 PM 成功上传s.jpg文件
11/09/2017 17:12:39 PM 成功上传s.jpg文件
11/09/2017 17:13:07 PM 成功上传s.jpg文件
11/09/2017 17:39:59 PM 成功上传s.jpg文件
11/09/2017 17:48:39 PM 127.0.0.1下载s.jpg文件
11/09/2017 18:08:59 PM 成功上传s.jpg文件
11/09/2017 18:14:44 PM 成功上传haha文件
11/09/2017 18:14:49 PM 成功上传haha文件
11/09/2017 18:15:19 PM 成功上传haha文件
11/09/2017 18:15:50 PM 成功上传haha文件
11/09/2017 18:16:03 PM 成功上传haha文件
11/09/2017 18:16:05 PM 成功上传haha文件
11/09/2017 18:16:06 PM 成功上传haha文件
11/09/2017 18:16:06 PM 成功上传haha文件
11/09/2017 18:16:09 PM 成功上传haha文件
11/09/2017 18:16:11 PM 成功上传haha文件
11/09/2017 18:16:11 PM 成功上传haha文件
11/09/2017 18:16:26 PM 成功上传haha文件
11/09/2017 18:27:40 PM 成功上传s.jpg文件
11/09/2017 18:32:33 PM 成功上传server.py文件
11/09/2017 18:32:39 PM 成功上传server.py文件
11/09/2017 18:34:57 PM 成功上传server.py文件
11/09/2017 18:35:13 PM 成功上传server.py文件
11/09/2017 18:35:28 PM 成功上传server.py文件
11/09/2017 18:35:30 PM 成功上传server.py文件
11/09/2017 18:35:33 PM 成功上传server.py文件
11/09/2017 18:37:40 PM 成功上传server.py文件
11/09/2017 18:42:16 PM 127.0.0.1下载123.zip文件
11/09/2017 18:58:01 PM 成功上传s.jpg文件
11/09/2017 19:30:44 PM 成功上传s.jpg文件
11/09/2017 19:34:57 PM 成功上传ftp_client.py文件
11/09/2017 19:51:13 PM 127.0.0.1下载s.jpg文件
11/09/2017 19:51:24 PM 127.0.0.1下载s.jpg文件
11/09/2017 19:51:36 PM 127.0.0.1下载s.jpg文件
11/09/2017 19:53:26 PM 127.0.0.1下载s.jpg文件
11/09/2017 19:53:36 PM 127.0.0.1下载s.jpg文件
11/09/2017 19:54:03 PM 127.0.0.1下载s.jpg文件
11/09/2017 19:54:38 PM 127.0.0.1下载s.jpg文件
11/09/2017 19:58:26 PM 成功上传test.txt文件
11/09/2017 20:00:55 PM 成功上传test.txt文件
11/09/2017 20:01:34 PM 成功上传test.txt文件
